*** Using Compiler 'V6.14', folder: 'C:\Tom\Keil MDK\Program\ARM\ARMCLANG\Bin'
Build target 'Target 1'
main.c(3): warning: In file included from...../Library/NUC100Series/Include\NUC100Series.h(150): warning: In file included from...../Library/CMSIS/Include\core_cm0.h(116): warning: In file included from...../Library/CMSIS/Include\core_cmInstr.h(406): warning: implicit conversion changes signedness: 'uint32_t' (aka 'unsigned int') to 'int32_t' (aka 'int') [-Wsign-conversion]
  return(result);
  ~~~~~~ ^~~~~~
main.c(3): warning: In file included from...../Library/NUC100Series/Include\NUC100Series.h(150): warning: In file included from...../Library/CMSIS/Include\core_cm0.h(574): warning: implicit conversion changes signedness: 'int' to 'unsigned int' [-Wsign-conversion]
    SCB->SHP[_SHP_IDX(IRQn)] = (SCB->SHP[_SHP_IDX(IRQn)] & ~(0xFF << _BIT_SHIFT(IRQn))) |
                                                         ~ ^~~~~~~~~~~~~~~~~~~~~~~~~~~
../Library/CMSIS/Include\core_cm0.h(577): warning: implicit conversion changes signedness: 'int' to 'unsigned int' [-Wsign-conversion]
    NVIC->IP[_IP_IDX(IRQn)] = (NVIC->IP[_IP_IDX(IRQn)] & ~(0xFF << _BIT_SHIFT(IRQn))) |
                                                       ~ ^~~~~~~~~~~~~~~~~~~~~~~~~~~
../Library/CMSIS/Include\core_cm0.h(608): warning: function 'NVIC_SystemReset' could be declared with attribute 'noreturn' [-Wmissing-noreturn]
{
^
main.c(3): warning: In file included from...../Library/NUC100Series/Include\NUC100Series.h(11321): warning: anonymous unions are a C11 extension [-Wc11-extensions]
    union
    ^
../Library/NUC100Series/Include\NUC100Series.h(13605): warning: non-portable path to file '"sys.h"'; specified path differs in case from file name on disk [-Wnonportable-include-path]
#include "SYS.h"
         ^~~~~~~
         "sys.h"
../Library/NUC100Series/Include\NUC100Series.h(13606): warning: non-portable path to file '"adc.h"'; specified path differs in case from file name on disk [-Wnonportable-include-path]
#include "ADC.h"
         ^~~~~~~
         "adc.h"
../Library/NUC100Series/Include\NUC100Series.h(13607): warning: non-portable path to file '"fmc.h"'; specified path differs in case from file name on disk [-Wnonportable-include-path]
#include "FMC.h"
         ^~~~~~~
         "fmc.h"
main.c(3): warning: In file included from...../Library/NUC100Series/Include\NUC100Series.h(13607): warning: In file included from...../Library/StdDriver/Include\FMC.h(314): warning: implicit conversion changes signedness: 'int' to 'uint32_t' (aka 'unsigned int') [-Wsign-conversion]
    FMC->ISPADR = (u8index << 2);      /* Set UID Address. It must be word alignment. */
                ~  ~~~~~~~~^~~~
main.c(3): warning: In file included from...../Library/NUC100Series/Include\NUC100Series.h(13608): warning: non-portable path to file '"gpio.h"'; specified path differs in case from file name on disk [-Wnonportable-include-path]
#include "GPIO.h"
         ^~~~~~~~
         "gpio.h"
../Library/NUC100Series/Include\NUC100Series.h(13609): warning: non-portable path to file '"i2c.h"'; specified path differs in case from file name on disk [-Wnonportable-include-path]
#include "I2C.h"
         ^~~~~~~
         "i2c.h"
../Library/NUC100Series/Include\NUC100Series.h(13610): warning: non-portable path to file '"pwm.h"'; specified path differs in case from file name on disk [-Wnonportable-include-path]
#include "PWM.h"
         ^~~~~~~
         "pwm.h"
../Library/NUC100Series/Include\NUC100Series.h(13611): warning: non-portable path to file '"spi.h"'; specified path differs in case from file name on disk [-Wnonportable-include-path]
#include "SPI.h"
         ^~~~~~~
         "spi.h"
../Library/NUC100Series/Include\NUC100Series.h(13612): warning: non-portable path to file '"crc.h"'; specified path differs in case from file name on disk [-Wnonportable-include-path]
#include "CRC.h"
         ^~~~~~~
         "crc.h"
../Library/NUC100Series/Include\NUC100Series.h(13613): warning: non-portable path to file '"timer.h"'; specified path differs in case from file name on disk [-Wnonportable-include-path]
#include "TIMER.h"
         ^~~~~~~~~
         "timer.h"
../Library/NUC100Series/Include\NUC100Series.h(13614): warning: non-portable path to file '"wdt.h"'; specified path differs in case from file name on disk [-Wnonportable-include-path]
#include "WDT.h"
         ^~~~~~~
         "wdt.h"
../Library/NUC100Series/Include\NUC100Series.h(13615): warning: non-portable path to file '"wwdt.h"'; specified path differs in case from file name on disk [-Wnonportable-include-path]
#include "WWDT.h"
         ^~~~~~~~
         "wwdt.h"
../Library/NUC100Series/Include\NUC100Series.h(13616): warning: non-portable path to file '"rtc.h"'; specified path differs in case from file name on disk [-Wnonportable-include-path]
#include "RTC.h"
         ^~~~~~~
         "rtc.h"
../Library/NUC100Series/Include\NUC100Series.h(13617): warning: non-portable path to file '"uart.h"'; specified path differs in case from file name on disk [-Wnonportable-include-path]
#include "UART.h"
         ^~~~~~~~
         "uart.h"
../Library/NUC100Series/Include\NUC100Series.h(13618): warning: non-portable path to file '"i2s.h"'; specified path differs in case from file name on disk [-Wnonportable-include-path]
#include "I2S.h"
         ^~~~~~~
         "i2s.h"
../Library/NUC100Series/Include\NUC100Series.h(13619): warning: non-portable path to file '"can.h"'; specified path differs in case from file name on disk [-Wnonportable-include-path]
#include "CAN.h"
         ^~~~~~~
         "can.h"
../Library/NUC100Series/Include\NUC100Series.h(13620): warning: non-portable path to file '"usbd.h"'; specified path differs in case from file name on disk [-Wnonportable-include-path]
#include "USBD.h"
         ^~~~~~~~
         "usbd.h"
main.c(3): warning: In file included from...../Library/NUC100Series/Include\NUC100Series.h(13620): warning: In file included from...../Library/StdDriver/Include\USBD.h(638): warning: variable 'u32CfgAddr' may be uninitialized when used here [-Wconditional-uninitialized]
    return ((*((__IO uint32_t *)(u32CfgAddr))) & USBD_CFGP_SSTALL);
                                 ^~~~~~~~~~
../Library/StdDriver/Include\USBD.h(622): note: initialize the variable 'u32CfgAddr' to silence this warning
    uint32_t u32CfgAddr;
                       ^
                        = 0
main.c(3): warning: In file included from...../Library/NUC100Series/Include\NUC100Series.h(13621): warning: non-portable path to file '"pdma.h"'; specified path differs in case from file name on disk [-Wnonportable-include-path]
#include "PDMA.h"
         ^~~~~~~~
         "pdma.h"
../Library/NUC100Series/Include\NUC100Series.h(13622): warning: non-portable path to file '"sc.h"'; specified path differs in case from file name on disk [-Wnonportable-include-path]
#include "SC.h"
         ^~~~~~
         "sc.h"
../Library/NUC100Series/Include\NUC100Series.h(13623): warning: non-portable path to file '"ps2.h"'; specified path differs in case from file name on disk [-Wnonportable-include-path]
#include "PS2.h"
         ^~~~~~~
         "ps2.h"
../Library/NUC100Series/Include\NUC100Series.h(13624): warning: non-portable path to file '"clk.h"'; specified path differs in case from file name on disk [-Wnonportable-include-path]
#include "CLK.h"
         ^~~~~~~
         "clk.h"
../Library/NUC100Series/Include\NUC100Series.h(13625): warning: non-portable path to file '"acmp.h"'; specified path differs in case from file name on disk [-Wnonportable-include-path]
#include "ACMP.h"
         ^~~~~~~~
         "acmp.h"
main.c(9): warning: In file included from..../picture.h(4): warning: 'extern' variable has an initializer [-Wextern-initializer]
extern unsigned char monster_128x64[128 * 64] = {
                     ^
./picture.h(4): warning: no previous extern declaration for non-static variable 'monster_128x64' [-Wmissing-variable-declarations]
./picture.h(4): note: declare 'static' if the variable is not intended to be used outside of this translation unit
extern unsigned char monster_128x64[128 * 64] = {
       ^
./picture.h(14): warning: 'extern' variable has an initializer [-Wextern-initializer]
extern unsigned char gameover_128x64[] = {
                     ^
./picture.h(14): warning: no previous extern declaration for non-static variable 'gameover_128x64' [-Wmissing-variable-declarations]
./picture.h(14): note: declare 'static' if the variable is not intended to be used outside of this translation unit
extern unsigned char gameover_128x64[] = {
       ^
./picture.h(24): warning: 'extern' variable has an initializer [-Wextern-initializer]
extern unsigned char car_128x64[] = {
                     ^
./picture.h(24): warning: no previous extern declaration for non-static variable 'car_128x64' [-Wmissing-variable-declarations]
./picture.h(24): note: declare 'static' if the variable is not intended to be used outside of this translation unit
extern unsigned char car_128x64[] = {
       ^
./picture.h(91): warning: no previous extern declaration for non-static variable 'snake_game_intro' [-Wmissing-variable-declarations]
const unsigned char snake_game_intro [] = {
                    ^
./picture.h(91): note: declare 'static' if the variable is not intended to be used outside of this translation unit
const unsigned char snake_game_intro [] = {
      ^
./picture.h(158): warning: no previous extern declaration for non-static variable 'sky_fall_logo' [-Wmissing-variable-declarations]
const unsigned char sky_fall_logo[]  = {
                    ^
./picture.h(158): note: declare 'static' if the variable is not intended to be used outside of this translation unit
const unsigned char sky_fall_logo[]  = {
      ^
./picture.h(223): warning: no newline at end of file [-Wnewline-eof]
};
  ^
main.c(93): warning: implicit conversion loses integer precision: 'int' to 'unsigned char' [-Wimplicit-int-conversion]
    LCD_command(0xB0 | PageAddr);
    ~~~~~~~~~~~ ~~~~~^~~~~~~~~~
main.c(94): warning: '&' within '|' [-Wbitwise-op-parentheses]
    LCD_command(0x10 | (ColumnAddr >> 4) & 0xF);
                     ~ ~~~~~~~~~~~~~~~~~~^~~~~
main.c(94): note: place parentheses around the '&' expression to silence this warning
    LCD_command(0x10 | (ColumnAddr >> 4) & 0xF);
                                         ^
                       (                      )
main.c(186): warning: binary integer literals are a GNU extension [-Wgnu-binary-literal]
    CLK->CLKSEL1 &= ~(0b111 << 8);
                      ^
main.c(186): warning: implicit conversion changes signedness: 'int' to 'unsigned int' [-Wsign-conversion]
    CLK->CLKSEL1 &= ~(0b111 << 8);
                 ~~ ^~~~~~~~~~~~~
main.c(190): warning: binary integer literals are a GNU extension [-Wgnu-binary-literal]
    CLK->CLKSEL1 &= ~(0b111 << 12);
                      ^
main.c(190): warning: implicit conversion changes signedness: 'int' to 'unsigned int' [-Wsign-conversion]
    CLK->CLKSEL1 &= ~(0b111 << 12);
                 ~~ ^~~~~~~~~~~~~~
main.c(256): warning: no previous extern declaration for non-static variable 'box_count' [-Wmissing-variable-declarations]
int box_count = 1;
    ^
main.c(256): note: declare 'static' if the variable is not intended to be used outside of this translation unit
int box_count = 1;
^
main.c(261): warning: no previous extern declaration for non-static variable 'key_pressed' [-Wmissing-variable-declarations]
int key_pressed = 0, game_pad = 0;
    ^
main.c(261): note: declare 'static' if the variable is not intended to be used outside of this translation unit
int key_pressed = 0, game_pad = 0;
^
main.c(261): warning: no previous extern declaration for non-static variable 'game_pad' [-Wmissing-variable-declarations]
int key_pressed = 0, game_pad = 0;
                     ^
main.c(261): note: declare 'static' if the variable is not intended to be used outside of this translation unit
int key_pressed = 0, game_pad = 0;
^
main.c(264): warning: no previous extern declaration for non-static variable 'score_txt' [-Wmissing-variable-declarations]
char score_txt[] = "0";
     ^
main.c(264): note: declare 'static' if the variable is not intended to be used outside of this translation unit
char score_txt[] = "0";
^
main.c(266): warning: no previous prototype for function 'draw_player' [-Wmissing-prototypes]
void draw_player() {
     ^
main.c(266): note: declare 'static' if the function is not intended to be used outside of this translation unit
void draw_player() {
^
static 
main.c(273): warning: no previous prototype for function 'erase_player' [-Wmissing-prototypes]
void erase_player() {
     ^
main.c(273): note: declare 'static' if the function is not intended to be used outside of this translation unit
void erase_player() {
^
static 
main.c(280): warning: no previous prototype for function 'draw_box' [-Wmissing-prototypes]
void draw_box(coordinate current_box) {
     ^
main.c(280): note: declare 'static' if the function is not intended to be used outside of this translation unit
void draw_box(coordinate current_box) {
^
static 
main.c(289): warning: no previous prototype for function 'erase_box' [-Wmissing-prototypes]
void erase_box(coordinate current_box) {
     ^
main.c(289): note: declare 'static' if the function is not intended to be used outside of this translation unit
void erase_box(coordinate current_box) {
^
static 
main.c(298): warning: no previous prototype for function 'update_score' [-Wmissing-prototypes]
void update_score() {
     ^
main.c(298): note: declare 'static' if the function is not intended to be used outside of this translation unit
void update_score() {
^
static 
main.c(316): warning: implicit declaration of function 'rand' is invalid in C99 [-Wimplicit-function-declaration]
            box[i].x = rand() % (MAX_BOX_START_X + 1 - MIN_BOX_START_X) + MIN_BOX_START_X;
                       ^
main.c(308): warning: no previous prototype for function 'collision_detection' [-Wmissing-prototypes]
void collision_detection() {
     ^
main.c(308): note: declare 'static' if the function is not intended to be used outside of this translation unit
void collision_detection() {
^
static 
main.c(323): warning: no previous prototype for function 'draw_playing_field' [-Wmissing-prototypes]
void draw_playing_field() {
     ^
main.c(323): note: declare 'static' if the function is not intended to be used outside of this translation unit
void draw_playing_field() {
^
static 
main.c(330): warning: no previous prototype for function 'box_controller' [-Wmissing-prototypes]
void box_controller() {
     ^
main.c(330): note: declare 'static' if the function is not intended to be used outside of this translation unit
void box_controller() {
^
static 
main.c(353): warning: implicit declaration of function 'rand' is invalid in C99 [-Wimplicit-function-declaration]
        box[1].x = rand() % (MAX_BOX_START_X + 1 - MIN_BOX_START_X) + MIN_BOX_START_X;
                   ^
main.c(357): warning: implicit declaration of function 'rand' is invalid in C99 [-Wimplicit-function-declaration]
        box[2].x = rand() % (MAX_BOX_START_X + 1 - MIN_BOX_START_X) + MIN_BOX_START_X;
                   ^
main.c(350): warning: no previous prototype for function 'progress_controller' [-Wmissing-prototypes]
void progress_controller() {
     ^
main.c(350): note: declare 'static' if the function is not intended to be used outside of this translation unit
void progress_controller() {
^
static 
main.c(362): warning: no previous prototype for function 'control_game' [-Wmissing-prototypes]
void control_game() {
     ^
main.c(362): note: declare 'static' if the function is not intended to be used outside of this translation unit
void control_game() {
^
static 
main.c(426): warning: implicit declaration of function 'rand' is invalid in C99 [-Wimplicit-function-declaration]
        box[i].x = rand() % (MAX_BOX_START_X + 1 - MIN_BOX_START_X) + MIN_BOX_START_X;
                   ^
main.c(454): warning: passing 'const unsigned char [1024]' to parameter of type 'unsigned char *' discards qualifiers [-Wincompatible-pointer-types-discards-qualifiers]
                draw_LCD(sky_fall_logo);
                         ^~~~~~~~~~~~~
../Library/NUC1xx-LB_002/Include\LCD.h(40): note: passing argument to parameter 'buffer' here
extern void draw_LCD(unsigned char *buffer);
                                    ^
main.c(505): warning: default label in switch which covers all enumeration values [-Wcovered-switch-default]
            default:
            ^
main.c(485): warning: unannotated fall-through between switch labels [-Wimplicit-fallthrough]
            case main_game: 
            ^
main.c(485): note: insert '__attribute__((fallthrough));' to silence this warning
            case main_game: 
            ^
            __attribute__((fallthrough)); 
main.c(485): note: insert 'break;' to avoid fall-through
            case main_game: 
            ^
            break; 
main.c(255): warning: no previous extern declaration for non-static variable 'box' [-Wmissing-variable-declarations]
coordinate box[MAX_BOX_AMOUNT];
           ^
main.c(255): note: declare 'static' if the variable is not intended to be used outside of this translation unit
coordinate box[MAX_BOX_AMOUNT];
^
main.c(258): warning: no previous extern declaration for non-static variable 'player' [-Wmissing-variable-declarations]
player_info player;
            ^
main.c(258): note: declare 'static' if the variable is not intended to be used outside of this translation unit
player_info player;
^
main.c(260): warning: no previous extern declaration for non-static variable 'game_state' [-Wmissing-variable-declarations]
STATES game_state;
       ^
main.c(260): note: declare 'static' if the variable is not intended to be used outside of this translation unit
STATES game_state;
^
main.c(263): warning: no previous extern declaration for non-static variable 'score' [-Wmissing-variable-declarations]
int score;
    ^
main.c(263): note: declare 'static' if the variable is not intended to be used outside of this translation unit
int score;
^
68 warnings generated.
compiling main.c...
linking...
Program Size: Code=4184 RO-data=1740 RW-data=1076 ZI-data=2432  
".\Objects\Question2.axf" - 0 Error(s), 68 Warning(s).
Build Time Elapsed:  00:00:01
