*** Using Compiler 'V6.14', folder: 'C:\Tom\Keil MDK\Program\ARM\ARMCLANG\Bin'
Build target 'Target 1'
main.c(3): warning: In file included from...../Library/NUC100Series/Include\NUC100Series.h(150): warning: In file included from...../Library/CMSIS/Include\core_cm0.h(116): warning: In file included from...../Library/CMSIS/Include\core_cmInstr.h(406): warning: implicit conversion changes signedness: 'uint32_t' (aka 'unsigned int') to 'int32_t' (aka 'int') [-Wsign-conversion]
  return(result);
  ~~~~~~ ^~~~~~
main.c(3): warning: In file included from...../Library/NUC100Series/Include\NUC100Series.h(150): warning: In file included from...../Library/CMSIS/Include\core_cm0.h(574): warning: implicit conversion changes signedness: 'int' to 'unsigned int' [-Wsign-conversion]
    SCB->SHP[_SHP_IDX(IRQn)] = (SCB->SHP[_SHP_IDX(IRQn)] & ~(0xFF << _BIT_SHIFT(IRQn))) |
                                                         ~ ^~~~~~~~~~~~~~~~~~~~~~~~~~~
../Library/CMSIS/Include\core_cm0.h(577): warning: implicit conversion changes signedness: 'int' to 'unsigned int' [-Wsign-conversion]
    NVIC->IP[_IP_IDX(IRQn)] = (NVIC->IP[_IP_IDX(IRQn)] & ~(0xFF << _BIT_SHIFT(IRQn))) |
                                                       ~ ^~~~~~~~~~~~~~~~~~~~~~~~~~~
../Library/CMSIS/Include\core_cm0.h(608): warning: function 'NVIC_SystemReset' could be declared with attribute 'noreturn' [-Wmissing-noreturn]
{
^
main.c(3): warning: In file included from...../Library/NUC100Series/Include\NUC100Series.h(11321): warning: anonymous unions are a C11 extension [-Wc11-extensions]
    union
    ^
../Library/NUC100Series/Include\NUC100Series.h(13605): warning: non-portable path to file '"sys.h"'; specified path differs in case from file name on disk [-Wnonportable-include-path]
#include "SYS.h"
         ^~~~~~~
         "sys.h"
../Library/NUC100Series/Include\NUC100Series.h(13606): warning: non-portable path to file '"adc.h"'; specified path differs in case from file name on disk [-Wnonportable-include-path]
#include "ADC.h"
         ^~~~~~~
         "adc.h"
../Library/NUC100Series/Include\NUC100Series.h(13607): warning: non-portable path to file '"fmc.h"'; specified path differs in case from file name on disk [-Wnonportable-include-path]
#include "FMC.h"
         ^~~~~~~
         "fmc.h"
main.c(3): warning: In file included from...../Library/NUC100Series/Include\NUC100Series.h(13607): warning: In file included from...../Library/StdDriver/Include\FMC.h(314): warning: implicit conversion changes signedness: 'int' to 'uint32_t' (aka 'unsigned int') [-Wsign-conversion]
    FMC->ISPADR = (u8index << 2);      /* Set UID Address. It must be word alignment. */
                ~  ~~~~~~~~^~~~
main.c(3): warning: In file included from...../Library/NUC100Series/Include\NUC100Series.h(13608): warning: non-portable path to file '"gpio.h"'; specified path differs in case from file name on disk [-Wnonportable-include-path]
#include "GPIO.h"
         ^~~~~~~~
         "gpio.h"
../Library/NUC100Series/Include\NUC100Series.h(13609): warning: non-portable path to file '"i2c.h"'; specified path differs in case from file name on disk [-Wnonportable-include-path]
#include "I2C.h"
         ^~~~~~~
         "i2c.h"
../Library/NUC100Series/Include\NUC100Series.h(13610): warning: non-portable path to file '"pwm.h"'; specified path differs in case from file name on disk [-Wnonportable-include-path]
#include "PWM.h"
         ^~~~~~~
         "pwm.h"
../Library/NUC100Series/Include\NUC100Series.h(13611): warning: non-portable path to file '"spi.h"'; specified path differs in case from file name on disk [-Wnonportable-include-path]
#include "SPI.h"
         ^~~~~~~
         "spi.h"
../Library/NUC100Series/Include\NUC100Series.h(13612): warning: non-portable path to file '"crc.h"'; specified path differs in case from file name on disk [-Wnonportable-include-path]
#include "CRC.h"
         ^~~~~~~
         "crc.h"
../Library/NUC100Series/Include\NUC100Series.h(13613): warning: non-portable path to file '"timer.h"'; specified path differs in case from file name on disk [-Wnonportable-include-path]
#include "TIMER.h"
         ^~~~~~~~~
         "timer.h"
../Library/NUC100Series/Include\NUC100Series.h(13614): warning: non-portable path to file '"wdt.h"'; specified path differs in case from file name on disk [-Wnonportable-include-path]
#include "WDT.h"
         ^~~~~~~
         "wdt.h"
../Library/NUC100Series/Include\NUC100Series.h(13615): warning: non-portable path to file '"wwdt.h"'; specified path differs in case from file name on disk [-Wnonportable-include-path]
#include "WWDT.h"
         ^~~~~~~~
         "wwdt.h"
../Library/NUC100Series/Include\NUC100Series.h(13616): warning: non-portable path to file '"rtc.h"'; specified path differs in case from file name on disk [-Wnonportable-include-path]
#include "RTC.h"
         ^~~~~~~
         "rtc.h"
../Library/NUC100Series/Include\NUC100Series.h(13617): warning: non-portable path to file '"uart.h"'; specified path differs in case from file name on disk [-Wnonportable-include-path]
#include "UART.h"
         ^~~~~~~~
         "uart.h"
../Library/NUC100Series/Include\NUC100Series.h(13618): warning: non-portable path to file '"i2s.h"'; specified path differs in case from file name on disk [-Wnonportable-include-path]
#include "I2S.h"
         ^~~~~~~
         "i2s.h"
../Library/NUC100Series/Include\NUC100Series.h(13619): warning: non-portable path to file '"can.h"'; specified path differs in case from file name on disk [-Wnonportable-include-path]
#include "CAN.h"
         ^~~~~~~
         "can.h"
../Library/NUC100Series/Include\NUC100Series.h(13620): warning: non-portable path to file '"usbd.h"'; specified path differs in case from file name on disk [-Wnonportable-include-path]
#include "USBD.h"
         ^~~~~~~~
         "usbd.h"
main.c(3): warning: In file included from...../Library/NUC100Series/Include\NUC100Series.h(13620): warning: In file included from...../Library/StdDriver/Include\USBD.h(638): warning: variable 'u32CfgAddr' may be uninitialized when used here [-Wconditional-uninitialized]
    return ((*((__IO uint32_t *)(u32CfgAddr))) & USBD_CFGP_SSTALL);
                                 ^~~~~~~~~~
../Library/StdDriver/Include\USBD.h(622): note: initialize the variable 'u32CfgAddr' to silence this warning
    uint32_t u32CfgAddr;
                       ^
                        = 0
main.c(3): warning: In file included from...../Library/NUC100Series/Include\NUC100Series.h(13621): warning: non-portable path to file '"pdma.h"'; specified path differs in case from file name on disk [-Wnonportable-include-path]
#include "PDMA.h"
         ^~~~~~~~
         "pdma.h"
../Library/NUC100Series/Include\NUC100Series.h(13622): warning: non-portable path to file '"sc.h"'; specified path differs in case from file name on disk [-Wnonportable-include-path]
#include "SC.h"
         ^~~~~~
         "sc.h"
../Library/NUC100Series/Include\NUC100Series.h(13623): warning: non-portable path to file '"ps2.h"'; specified path differs in case from file name on disk [-Wnonportable-include-path]
#include "PS2.h"
         ^~~~~~~
         "ps2.h"
../Library/NUC100Series/Include\NUC100Series.h(13624): warning: non-portable path to file '"clk.h"'; specified path differs in case from file name on disk [-Wnonportable-include-path]
#include "CLK.h"
         ^~~~~~~
         "clk.h"
../Library/NUC100Series/Include\NUC100Series.h(13625): warning: non-portable path to file '"acmp.h"'; specified path differs in case from file name on disk [-Wnonportable-include-path]
#include "ACMP.h"
         ^~~~~~~~
         "acmp.h"
main.c(89): error: expected expression
                unsigned char current_char = 0;
                ^
main.c(94): warning: implicit declaration of function 'printS_Cx7' is invalid in C99 [-Wimplicit-function-declaration]
                printS_Cx7(1, 17, key_display[0]);
                ^
main.c(108): error: use of undeclared identifier 'current_char'
                    key_display[current_char] = '1';
                                ^
main.c(109): error: use of undeclared identifier 'current_char'
                    user_input[current_char] = '1';
                               ^
main.c(110): error: use of undeclared identifier 'current_char'
                    current_char++;
                    ^
main.c(112): error: use of undeclared identifier 'current_char'
                    key_display[current_char] = '2';
                                ^
main.c(113): error: use of undeclared identifier 'current_char'
                    user_input[current_char] = '2';
                               ^
main.c(114): error: use of undeclared identifier 'current_char'
                    current_char++;
                    ^
main.c(116): error: use of undeclared identifier 'current_char'
                    key_display[current_char] = '3';
                                ^
main.c(117): error: use of undeclared identifier 'current_char'
                    user_input[current_char] = '3';
                               ^
main.c(118): error: use of undeclared identifier 'current_char'
                    current_char++;
                    ^
main.c(120): error: use of undeclared identifier 'current_char'
                    key_display[current_char] = '4';
                                ^
main.c(121): error: use of undeclared identifier 'current_char'
                    user_input[current_char] = '4';
                               ^
main.c(122): error: use of undeclared identifier 'current_char'
                    current_char++;
                    ^
main.c(124): error: use of undeclared identifier 'current_char'
                    key_display[current_char] = '5';
                                ^
main.c(125): error: use of undeclared identifier 'current_char'
                    user_input[current_char] = '5';
                               ^
main.c(126): error: use of undeclared identifier 'current_char'
                    current_char++;
                    ^
main.c(128): error: use of undeclared identifier 'current_char'
                    key_display[current_char] = '6';
                                ^
main.c(129): error: use of undeclared identifier 'current_char'
                    user_input[current_char] = '6';
                               ^
main.c(130): error: use of undeclared identifier 'current_char'
                    current_char++;
                    ^
fatal error: too many errors emitted, stopping now [-ferror-limit=]
29 warnings and 20 errors generated.
compiling main.c...
".\Objects\Question1.axf" - 19 Error(s), 29 Warning(s).
Target not created.
Build Time Elapsed:  00:00:01
